<?xml version="1.0" encoding="UTF-8"?>
<testng-results ignored="0" total="0" passed="0" failed="0" skipped="0">
  <reporter-output>
  </reporter-output>
  <suite started-at="2023-10-30T16:59:17 UTC" name="All Test Suite" finished-at="2023-10-30T16:59:27 UTC" duration-ms="10713">
    <groups>
    </groups>
    <test started-at="2023-10-30T16:59:17 UTC" name="C:/Users/R924826/Desktop/SDET-Assignment" finished-at="2023-10-30T16:59:27 UTC" duration-ms="10713">
      <class name="VerifyElements">
        <test-method is-config="true" signature="intializeBrowser()[pri:0, instance:VerifyElements@67080771]" started-at="2023-10-30T16:59:17 UTC" name="intializeBrowser" finished-at="2023-10-30T16:59:25 UTC" duration-ms="8183" status="PASS">
          <reporter-output>
          </reporter-output>
        </test-method> <!-- intializeBrowser -->
        <test-method is-config="true" signature="tearDown()[pri:0, instance:VerifyElements@67080771]" started-at="2023-10-30T16:59:25 UTC" name="tearDown" finished-at="2023-10-30T16:59:27 UTC" duration-ms="2485" status="PASS">
          <reporter-output>
          </reporter-output>
        </test-method> <!-- tearDown -->
      </class> <!-- VerifyElements -->
    </test> <!-- C:/Users/R924826/Desktop/SDET-Assignment -->
  </suite> <!-- All Test Suite -->
</testng-results>
